#
# There is insufficient memory for the Java Runtime Environment to continue.
# Native memory allocation (malloc) failed to allocate 4194320 bytes for Chunk::new
# Possible reasons:
#   The system is out of physical RAM or swap space
#   In 32 bit mode, the process size limit was hit
# Possible solutions:
#   Reduce memory load on the system
#   Increase physical memory or swap space
#   Check if swap backing store is full
#   Use 64 bit Java on a 64 bit OS
#   Decrease Java heap size (-Xmx/-Xms)
#   Decrease number of Java threads
#   Decrease Java thread stack sizes (-Xss)
#   Set larger code cache with -XX:ReservedCodeCacheSize=
# This output file may be truncated or incomplete.
#
#  Out of Memory Error (allocation.cpp:390), pid=14924, tid=5996
#
# JRE version: Java(TM) SE Runtime Environment (8.0_31-b13) (build 1.8.0_31-b13)
# Java VM: Java HotSpot(TM) 64-Bit Server VM (25.31-b07 mixed mode windows-amd64 compressed oops)
# Failed to write core dump. Minidumps are not enabled by default on client versions of Windows
#

---------------  T H R E A D  ---------------

Current thread (0x0000000016fe2800):  JavaThread "C2 CompilerThread2" daemon [_thread_in_native, id=5996, stack(0x00000000177b0000,0x00000000178b0000)]

Stack: [0x00000000177b0000,0x00000000178b0000]
Native frames: (J=compiled Java code, j=interpreted, Vv=VM code, C=native code)
V  [jvm.dll+0x3169ba]
V  [jvm.dll+0x2674c3]
V  [jvm.dll+0x268103]
V  [jvm.dll+0x25f8f5]
V  [jvm.dll+0xbf025]
V  [jvm.dll+0xbf4cc]
V  [jvm.dll+0x431938]
V  [jvm.dll+0x45f9c0]
V  [jvm.dll+0x45fc7a]
V  [jvm.dll+0x460b5f]
V  [jvm.dll+0x462f0a]
V  [jvm.dll+0x465055]
V  [jvm.dll+0x4659dc]
V  [jvm.dll+0x465d23]
V  [jvm.dll+0x452b83]
V  [jvm.dll+0x454124]
V  [jvm.dll+0x437c62]
V  [jvm.dll+0x988e2]
V  [jvm.dll+0x990d3]
V  [jvm.dll+0x22c194]
V  [jvm.dll+0x28576a]
C  [msvcr100.dll+0x21d9f]
C  [msvcr100.dll+0x21e3b]
C  [KERNEL32.DLL+0x13d2]
C  [ntdll.dll+0x15444]


Current CompileTask:
C2:   2532 1779   !   4       com.android.dx.cf.code.Ropper::processBlock (1101 bytes)


---------------  P R O C E S S  ---------------

Java Threads: ( => current thread )
  0x000000001706f800 JavaThread "Service Thread" daemon [_thread_blocked, id=5220, stack(0x00000000179b0000,0x0000000017ab0000)]
  0x0000000016fe5800 JavaThread "C1 CompilerThread3" daemon [_thread_blocked, id=15176, stack(0x00000000178b0000,0x00000000179b0000)]
=>0x0000000016fe2800 JavaThread "C2 CompilerThread2" daemon [_thread_in_native, id=5996, stack(0x00000000177b0000,0x00000000178b0000)]
  0x0000000016fdc800 JavaThread "C2 CompilerThread1" daemon [_thread_in_native, id=11712, stack(0x00000000176b0000,0x00000000177b0000)]
  0x0000000016fd6000 JavaThread "C2 CompilerThread0" daemon [_thread_in_native, id=17140, stack(0x00000000175b0000,0x00000000176b0000)]
  0x0000000016fd4800 JavaThread "Attach Listener" daemon [_thread_blocked, id=6788, stack(0x00000000174b0000,0x00000000175b0000)]
  0x0000000014fcd800 JavaThread "Signal Dispatcher" daemon [_thread_blocked, id=10928, stack(0x00000000173b0000,0x00000000174b0000)]
  0x0000000002498800 JavaThread "Finalizer" daemon [_thread_blocked, id=8204, stack(0x0000000016eb0000,0x0000000016fb0000)]
  0x0000000002492000 JavaThread "Reference Handler" daemon [_thread_blocked, id=16408, stack(0x0000000016db0000,0x0000000016eb0000)]
  0x0000000000b5e000 JavaThread "main" [_thread_in_Java, id=12564, stack(0x00000000022a0000,0x00000000023a0000)]

Other Threads:
  0x0000000014fb8800 VMThread [stack: 0x0000000016cb0000,0x0000000016db0000] [id=13432]
  0x0000000017071000 WatcherThread [stack: 0x0000000017ab0000,0x0000000017bb0000] [id=15332]

VM state:not at safepoint (normal execution)

VM Mutex/Monitor currently owned by a thread: None

Heap:
 PSYoungGen      total 141824K, used 13327K [0x00000000eab00000, 0x00000000f4000000, 0x0000000100000000)
  eden space 131072K, 1% used [0x00000000eab00000,0x00000000ead88568,0x00000000f2b00000)
  from space 10752K, 99% used [0x00000000f2b00000,0x00000000f357b7e0,0x00000000f3580000)
  to   space 10752K, 0% used [0x00000000f3580000,0x00000000f3580000,0x00000000f4000000)
 ParOldGen       total 175104K, used 28182K [0x00000000c0000000, 0x00000000cab00000, 0x00000000eab00000)
  object space 175104K, 16% used [0x00000000c0000000,0x00000000c1b858c0,0x00000000cab00000)
 Metaspace       used 6007K, capacity 7152K, committed 7296K, reserved 1056768K
  class space    used 576K, capacity 616K, committed 640K, reserved 1048576K

Card table byte_map: [0x0000000011860000,0x0000000011a70000] byte_map_base: 0x0000000011260000

Marking Bits: (ParMarkBitMap*) 0x000000005302d4f0
 Begin Bits: [0x00000000123d0000, 0x00000000133d0000)
 End Bits:   [0x00000000133d0000, 0x00000000143d0000)

Polling page: 0x0000000000ab0000

CodeCache: size=245760Kb used=7611Kb max_used=7621Kb free=238148Kb
 bounds [0x00000000024a0000, 0x0000000002c20000, 0x00000000114a0000]
 total_blobs=2013 nmethods=1753 adapters=174
 compilation: enabled

Compilation events (10 events):
Event: 2.394 Thread 0x0000000016fe5800 1806       1       com.android.dx.ssa.LiteralOpUpgrader$1::visitPhiInsn (1 bytes)
Event: 2.394 Thread 0x0000000016fe5800 nmethod 1806 0x0000000002bf1d10 code [0x0000000002bf1e60, 0x0000000002bf1f70]
Event: 2.428 Thread 0x0000000016fdc800 nmethod 1769 0x0000000002c0a5d0 code [0x0000000002c0ab20, 0x0000000002c0f530]
Event: 2.431 Thread 0x0000000016fdc800 1782       4       com.android.dx.ssa.BasicRegisterMapper::addMapping (68 bytes)
Event: 2.438 Thread 0x0000000016fdc800 nmethod 1782 0x0000000002bf1310 code [0x0000000002bf1460, 0x0000000002bf1918]
Event: 2.438 Thread 0x0000000016fdc800 1808 %     4       com.android.dx.ssa.SsaConverter::placePhiFunctions @ 264 (394 bytes)
Event: 2.438 Thread 0x0000000016fe5800 1809       2       com.android.dx.dex.cf.AttributeTranslator::translateInnerClasses (356 bytes)
Event: 2.442 Thread 0x0000000016fe5800 nmethod 1809 0x0000000002c07590 code [0x0000000002c07940, 0x0000000002c08c18]
Event: 2.476 Thread 0x0000000016fe5800 1813   !   2       com.android.dx.cf.code.ExecutionStack::change (116 bytes)
Event: 2.478 Thread 0x0000000016fe5800 nmethod 1813 0x0000000002c06090 code [0x0000000002c06320, 0x0000000002c06d18]

GC Heap History (5 events):
Event: 1.222 GC heap before
{Heap before GC invocations=1 (full 0):
 PSYoungGen      total 76288K, used 65536K [0x00000000eab00000, 0x00000000f0000000, 0x0000000100000000)
  eden space 65536K, 100% used [0x00000000eab00000,0x00000000eeb00000,0x00000000eeb00000)
  from space 10752K, 0% used [0x00000000ef580000,0x00000000ef580000,0x00000000f0000000)
  to   space 10752K, 0% used [0x00000000eeb00000,0x00000000eeb00000,0x00000000ef580000)
 ParOldGen       total 175104K, used 0K [0x00000000c0000000, 0x00000000cab00000, 0x00000000eab00000)
  object space 175104K, 0% used [0x00000000c0000000,0x00000000c0000000,0x00000000cab00000)
 Metaspace       used 5803K, capacity 7024K, committed 7296K, reserved 1056768K
  class space    used 557K, capacity 616K, committed 640K, reserved 1048576K
Event: 1.238 GC heap after
Heap after GC invocations=1 (full 0):
 PSYoungGen      total 76288K, used 10743K [0x00000000eab00000, 0x00000000f4000000, 0x0000000100000000)
  eden space 65536K, 0% used [0x00000000eab00000,0x00000000eab00000,0x00000000eeb00000)
  from space 10752K, 99% used [0x00000000eeb00000,0x00000000ef57ddb0,0x00000000ef580000)
  to   space 10752K, 0% used [0x00000000f3580000,0x00000000f3580000,0x00000000f4000000)
 ParOldGen       total 175104K, used 887K [0x00000000c0000000, 0x00000000cab00000, 0x00000000eab00000)
  object space 175104K, 0% used [0x00000000c0000000,0x00000000c00dddd8,0x00000000cab00000)
 Metaspace       used 5803K, capacity 7024K, committed 7296K, reserved 1056768K
  class space    used 557K, capacity 616K, committed 640K, reserved 1048576K
}
Event: 1.653 GC heap before
{Heap before GC invocations=2 (full 0):
 PSYoungGen      total 76288K, used 76279K [0x00000000eab00000, 0x00000000f4000000, 0x0000000100000000)
  eden space 65536K, 100% used [0x00000000eab00000,0x00000000eeb00000,0x00000000eeb00000)
  from space 10752K, 99% used [0x00000000eeb00000,0x00000000ef57ddb0,0x00000000ef580000)
  to   space 10752K, 0% used [0x00000000f3580000,0x00000000f3580000,0x00000000f4000000)
 ParOldGen       total 175104K, used 887K [0x00000000c0000000, 0x00000000cab00000, 0x00000000eab00000)
  object space 175104K, 0% used [0x00000000c0000000,0x00000000c00dddd8,0x00000000cab00000)
 Metaspace       used 5956K, capacity 7088K, committed 7296K, reserved 1056768K
  class space    used 576K, capacity 616K, committed 640K, reserved 1048576K
Event: 1.674 GC heap after
Heap after GC invocations=2 (full 0):
 PSYoungGen      total 141824K, used 10747K [0x00000000eab00000, 0x00000000f4000000, 0x0000000100000000)
  eden space 131072K, 0% used [0x00000000eab00000,0x00000000eab00000,0x00000000f2b00000)
  from space 10752K, 99% used [0x00000000f3580000,0x00000000f3ffef00,0x00000000f4000000)
  to   space 10752K, 0% used [0x00000000f2b00000,0x00000000f2b00000,0x00000000f3580000)
 ParOldGen       total 175104K, used 9376K [0x00000000c0000000, 0x00000000cab00000, 0x00000000eab00000)
  object space 175104K, 5% used [0x00000000c0000000,0x00000000c0928350,0x00000000cab00000)
 Metaspace       used 5956K, capacity 7088K, committed 7296K, reserved 1056768K
  class space    used 576K, capacity 616K, committed 640K, reserved 1048576K
}
Event: 2.486 GC heap before
{Heap before GC invocations=3 (full 0):
 PSYoungGen      total 141824K, used 141819K [0x00000000eab00000, 0x00000000f4000000, 0x0000000100000000)
  eden space 131072K, 100% used [0x00000000eab00000,0x00000000f2b00000,0x00000000f2b00000)
  from space 10752K, 99% used [0x00000000f3580000,0x00000000f3ffef00,0x00000000f4000000)
  to   space 10752K, 0% used [0x00000000f2b00000,0x00000000f2b00000,0x00000000f3580000)
 ParOldGen       total 175104K, used 9376K [0x00000000c0000000, 0x00000000cab00000, 0x00000000eab00000)
  object space 175104K, 5% used [0x00000000c0000000,0x00000000c0928350,0x00000000cab00000)
 Metaspace       used 6007K, capacity 7152K, committed 7296K, reserved 1056768K
  class space    used 576K, capacity 616K, committed 640K, reserved 1048576K

Deoptimization events (10 events):
Event: 1.608 Thread 0x0000000000b5e000 Uncommon trap: reason=class_check action=maybe_recompile pc=0x0000000002aa4d34 method=com.android.dx.rop.code.RegisterSpec.withSimpleType()Lcom/android/dx/rop/code/RegisterSpec; @ 21
Event: 1.646 Thread 0x0000000000b5e000 Uncommon trap: reason=class_check action=maybe_recompile pc=0x00000000029a3c04 method=java.util.HashMap.putVal(ILjava/lang/Object;Ljava/lang/Object;ZZ)Ljava/lang/Object; @ 203
Event: 1.646 Thread 0x0000000000b5e000 Uncommon trap: reason=bimorphic action=maybe_recompile pc=0x000000000279a4b8 method=java.util.HashMap.getNode(ILjava/lang/Object;)Ljava/util/HashMap$Node; @ 126
Event: 1.688 Thread 0x0000000000b5e000 Uncommon trap: reason=unreached action=reinterpret pc=0x0000000002b2bbac method=java.util.HashMap.getNode(ILjava/lang/Object;)Ljava/util/HashMap$Node; @ 84
Event: 1.734 Thread 0x0000000000b5e000 Uncommon trap: reason=unreached action=reinterpret pc=0x0000000002a51c4c method=com.android.dx.ssa.MoveParamCombiner$1.visitNonMoveInsn(Lcom/android/dx/ssa/NormalSsaInsn;)V @ 27
Event: 1.804 Thread 0x0000000000b5e000 Uncommon trap: reason=bimorphic action=maybe_recompile pc=0x0000000002ad2804 method=com.android.dx.ssa.LiteralOpUpgrader.tryReplacingWithConstant(Lcom/android/dx/ssa/NormalSsaInsn;)Z @ 62
Event: 1.933 Thread 0x0000000000b5e000 Uncommon trap: reason=unreached action=reinterpret pc=0x00000000027d8188 method=java.util.HashMap.putVal(ILjava/lang/Object;Ljava/lang/Object;ZZ)Ljava/lang/Object; @ 109
Event: 1.934 Thread 0x0000000000b5e000 Uncommon trap: reason=unreached action=reinterpret pc=0x0000000002b62590 method=java.util.HashMap.putVal(ILjava/lang/Object;Ljava/lang/Object;ZZ)Ljava/lang/Object; @ 109
Event: 2.122 Thread 0x0000000000b5e000 Uncommon trap: reason=class_check action=maybe_recompile pc=0x0000000002aa4d34 method=com.android.dx.rop.code.RegisterSpec.withSimpleType()Lcom/android/dx/rop/code/RegisterSpec; @ 21
Event: 2.124 Thread 0x0000000000b5e000 Uncommon trap: reason=class_check action=maybe_recompile pc=0x0000000002aa4d34 method=com.android.dx.rop.code.RegisterSpec.withSimpleType()Lcom/android/dx/rop/code/RegisterSpec; @ 21

Internal exceptions (10 events):
Event: 0.478 Thread 0x0000000000b5e000 Exception <a 'java/security/PrivilegedActionException'> (0x00000000eba2e000) thrown at [C:\workspace\8-2-build-windows-amd64-cygwin\jdk8u31\2394\hotspot\src\share\vm\prims\jvm.cpp, line 1312]
Event: 0.550 Thread 0x0000000000b5e000 Exception <a 'java/security/PrivilegedActionException'> (0x00000000ebbdf9a8) thrown at [C:\workspace\8-2-build-windows-amd64-cygwin\jdk8u31\2394\hotspot\src\share\vm\prims\jvm.cpp, line 1312]
Event: 0.551 Thread 0x0000000000b5e000 Exception <a 'java/security/PrivilegedActionException'> (0x00000000ebbe61f8) thrown at [C:\workspace\8-2-build-windows-amd64-cygwin\jdk8u31\2394\hotspot\src\share\vm\prims\jvm.cpp, line 1312]
Event: 0.681 Thread 0x0000000000b5e000 Exception <a 'java/security/PrivilegedActionException'> (0x00000000ec00d908) thrown at [C:\workspace\8-2-build-windows-amd64-cygwin\jdk8u31\2394\hotspot\src\share\vm\prims\jvm.cpp, line 1312]
Event: 0.949 Thread 0x0000000000b5e000 Exception <a 'java/security/PrivilegedActionException'> (0x00000000ece585d8) thrown at [C:\workspace\8-2-build-windows-amd64-cygwin\jdk8u31\2394\hotspot\src\share\vm\prims\jvm.cpp, line 1312]
Event: 1.006 Thread 0x0000000000b5e000 Exception <a 'java/security/PrivilegedActionException'> (0x00000000ed339ef0) thrown at [C:\workspace\8-2-build-windows-amd64-cygwin\jdk8u31\2394\hotspot\src\share\vm\prims\jvm.cpp, line 1312]
Event: 1.144 Thread 0x0000000000b5e000 Exception <a 'java/security/PrivilegedActionException'> (0x00000000ee100668) thrown at [C:\workspace\8-2-build-windows-amd64-cygwin\jdk8u31\2394\hotspot\src\share\vm\prims\jvm.cpp, line 1312]
Event: 1.591 Thread 0x0000000000b5e000 Exception <a 'java/lang/ArrayIndexOutOfBoundsException': 18> (0x00000000edfdb138) thrown at [C:\workspace\8-2-build-windows-amd64-cygwin\jdk8u31\2394\hotspot\src\share\vm\interpreter\interpreterRuntime.cpp, line 366]
Event: 1.591 Thread 0x0000000000b5e000 Exception <a 'java/lang/ArrayIndexOutOfBoundsException': 145> (0x00000000edfdcbd0) thrown at [C:\workspace\8-2-build-windows-amd64-cygwin\jdk8u31\2394\hotspot\src\share\vm\interpreter\interpreterRuntime.cpp, line 366]
Event: 1.591 Thread 0x0000000000b5e000 Exception <a 'java/lang/ArrayIndexOutOfBoundsException'> (0x00000000edfddde8) thrown at [C:\workspace\8-2-build-windows-amd64-cygwin\jdk8u31\2394\hotspot\src\share\vm\runtime\sharedRuntime.cpp, line 604]

Events (10 events):
Event: 2.124 Thread 0x0000000000b5e000 Uncommon trap: trap_request=0xffffffde fr.pc=0x0000000002aa4d34
Event: 2.124 Thread 0x0000000000b5e000 DEOPT PACKING pc=0x0000000002aa4d34 sp=0x000000000239e9e0
Event: 2.124 Thread 0x0000000000b5e000 DEOPT UNPACKING pc=0x00000000024e556a sp=0x000000000239e918 mode 2
Event: 2.147 Thread 0x0000000000b5e000 DEOPT PACKING pc=0x0000000002af79a1 sp=0x000000000239ebc0
Event: 2.147 Thread 0x0000000000b5e000 DEOPT UNPACKING pc=0x00000000024e75bf sp=0x000000000239e980 mode 0
Event: 2.148 Thread 0x0000000000b5e000 DEOPT PACKING pc=0x0000000002b08801 sp=0x000000000239ecc0
Event: 2.148 Thread 0x0000000000b5e000 DEOPT UNPACKING pc=0x00000000024e75bf sp=0x000000000239ead0 mode 0
Event: 2.179 Thread 0x0000000000b5e000 DEOPT PACKING pc=0x0000000002b0f461 sp=0x000000000239ee50
Event: 2.179 Thread 0x0000000000b5e000 DEOPT UNPACKING pc=0x00000000024e75bf sp=0x000000000239ec58 mode 0
Event: 2.485 Executing VM operation: ParallelGCFailedAllocation


Dynamic libraries:
0x00007ff618f30000 - 0x00007ff618f64000 	C:\Program Files\Java\jdk1.8.0_31\bin\java.exe
0x00007ffe2ce10000 - 0x00007ffe2cfbc000 	C:\windows\SYSTEM32\ntdll.dll
0x00007ffe2b110000 - 0x00007ffe2b24e000 	C:\windows\system32\KERNEL32.DLL
0x00007ffe2a310000 - 0x00007ffe2a425000 	C:\windows\system32\KERNELBASE.dll
0x00007ffe28360000 - 0x00007ffe283ee000 	C:\windows\system32\apphelp.dll
0x00007ffdfa0a0000 - 0x00007ffdfa0f3000 	C:\windows\AppPatch\AppPatch64\AcGenral.DLL
0x00007ffe2ae30000 - 0x00007ffe2aeda000 	C:\windows\system32\msvcrt.dll
0x00007ffe29e00000 - 0x00007ffe29e2e000 	C:\windows\SYSTEM32\SspiCli.dll
0x00007ffe2a9c0000 - 0x00007ffe2aa14000 	C:\windows\system32\SHLWAPI.dll
0x00007ffe2a6d0000 - 0x00007ffe2a847000 	C:\windows\system32\USER32.dll
0x00007ffe2a530000 - 0x00007ffe2a6c4000 	C:\windows\system32\ole32.dll
0x00007ffe2b250000 - 0x00007ffe2c768000 	C:\windows\system32\SHELL32.dll
0x00007ffe29580000 - 0x00007ffe295a1000 	C:\windows\SYSTEM32\USERENV.dll
0x00007ffe2c860000 - 0x00007ffe2c90a000 	C:\windows\system32\ADVAPI32.dll
0x00007ffe1ef00000 - 0x00007ffe1ef1e000 	C:\windows\SYSTEM32\MPR.dll
0x00007ffe2c910000 - 0x00007ffe2ca51000 	C:\windows\system32\RPCRT4.dll
0x00007ffe2af50000 - 0x00007ffe2afa9000 	C:\windows\SYSTEM32\sechost.dll
0x00007ffe2ca60000 - 0x00007ffe2cc71000 	C:\windows\SYSTEM32\combase.dll
0x00007ffe2a850000 - 0x00007ffe2a9a1000 	C:\windows\system32\GDI32.dll
0x00007ffe29f60000 - 0x00007ffe29f75000 	C:\windows\SYSTEM32\profapi.dll
0x00007ffe28910000 - 0x00007ffe289c2000 	C:\windows\SYSTEM32\SHCORE.dll
0x00007ffe2a4f0000 - 0x00007ffe2a526000 	C:\windows\system32\IMM32.DLL
0x00007ffe2afb0000 - 0x00007ffe2b102000 	C:\windows\system32\MSCTF.dll
0x00007ffe27d50000 - 0x00007ffe27fca000 	C:\windows\WinSxS\amd64_microsoft.windows.common-controls_6595b64144ccf1df_6.0.9600.17810_none_6240b9c7ecbd0bda\COMCTL32.dll
0x0000000051b00000 - 0x0000000051bd2000 	C:\Program Files\Java\jdk1.8.0_31\jre\bin\msvcr100.dll
0x0000000052850000 - 0x00000000530aa000 	C:\Program Files\Java\jdk1.8.0_31\jre\bin\server\jvm.dll
0x00007ffe1eb40000 - 0x00007ffe1eb49000 	C:\windows\SYSTEM32\WSOCK32.dll
0x00007ffe27fd0000 - 0x00007ffe27ff2000 	C:\windows\SYSTEM32\WINMM.dll
0x00007ffe2af40000 - 0x00007ffe2af47000 	C:\windows\system32\PSAPI.DLL
0x00007ffe2a490000 - 0x00007ffe2a4ea000 	C:\windows\system32\WS2_32.dll
0x00007ffe277d0000 - 0x00007ffe277fa000 	C:\windows\SYSTEM32\WINMMBASE.dll
0x00007ffe2ae20000 - 0x00007ffe2ae29000 	C:\windows\system32\NSI.dll
0x00007ffe2a0e0000 - 0x00007ffe2a12f000 	C:\windows\SYSTEM32\cfgmgr32.dll
0x00007ffe28d70000 - 0x00007ffe28d98000 	C:\windows\SYSTEM32\DEVOBJ.dll
0x0000000052840000 - 0x000000005284f000 	C:\Program Files\Java\jdk1.8.0_31\jre\bin\verify.dll
0x0000000052810000 - 0x0000000052838000 	C:\Program Files\Java\jdk1.8.0_31\jre\bin\java.dll
0x00000000527f0000 - 0x0000000052806000 	C:\Program Files\Java\jdk1.8.0_31\jre\bin\zip.dll
0x00007ffe1f540000 - 0x00007ffe1f6c9000 	C:\windows\SYSTEM32\dbghelp.dll

VM Arguments:
jvm_args: -Xmx1024M -Dfile.encoding=windows-1252 -Duser.country=US -Duser.language=en -Duser.variant 
java_command: com.android.dx.command.Main --dex --output C:\Users\Maximiliano\Documents\Android\Supervisor\app\build\intermediates\pre-dexed\debug\classes-7db8b67aabdea1b94d5bf4ec1fe06770fddfb2eb.jar C:\Users\Maximiliano\Documents\Android\Supervisor\app\build\intermediates\exploded-aar\com.android.support\appcompat-v7\22.0.0\jars\classes.jar
java_class_path (initial): C:\Users\Maximiliano\AppData\Local\Android\sdk1\build-tools\21.1.2\lib\dx.jar
Launcher Type: SUN_STANDARD

Environment Variables:
JAVA_HOME=C:\Program Files\Java\jdk1.8.0_31
PATH=C:\ProgramData\Oracle\Java\javapath;C:\Program Files (x86)\NVIDIA Corporation\PhysX\Common;C:\Program Files (x86)\Intel\iCLS Client\;C:\Program Files\Intel\iCLS Client\;C:\windows\system32;C:\windows;C:\windows\System32\Wbem;C:\windows\System32\WindowsPowerShell\v1.0\;C:\Program Files\Intel\Intel(R) Management Engine Components\DAL;C:\Program Files\Intel\Intel(R) Management Engine Components\IPT;C:\Program Files (x86)\Intel\Intel(R) Management Engine Components\DAL;C:\Program Files (x86)\Intel\Intel(R) Management Engine Components\IPT;C:\Program Files (x86)\Microsoft ASP.NET\ASP.NET Web Pages\v1.0\;C:\Program Files\TortoiseSVN\bin;C:\Program Files\Google\Cloud SDK\google-cloud-sdk\bin;C:\Program Files\Microsoft SQL Server\120\Tools\Binn\;C:\Program Files\Microsoft\Web Platform Installer\;C:\Program Files\Microsoft SQL Server\Client SDK\ODBC\110\Tools\Binn\;C:\Program Files (x86)\Microsoft SQL Server\120\Tools\Binn\;C:\Program Files\Microsoft SQL Server\120\DTS\Binn\;C:\Program Files (x86)\Microsoft SQL Server\120\Tools\Binn\ManagementStudio\;C:\Program Files (x86)\Microsoft SQL Server\120\DTS\Binn\;C:\Program Files\Microsoft SQL Server\110\Tools\Binn\;C:\Program Files (x86)\Microsoft SDKs\Azure\CLI\wbin;C:\Program Files (x86)\Git\cmd;C:\Program Files (x86)\Windows Kits\8.1\Windows Performance Toolkit\;C:\Program Files (x86)\Microsoft SDKs\TypeScript\1.0\;C:\Program Files (x86)\Calibre2\;C:\Program Files\Intel\WiFi\bin\;C:\Program Files\Common Files\Intel\WirelessCommon\;C:\Program Files (x86)\Skype\Phone\
USERNAME=Maximiliano
OS=Windows_NT
PROCESSOR_IDENTIFIER=Intel64 Family 6 Model 60 Stepping 3, GenuineIntel



---------------  S Y S T E M  ---------------

OS: Windows 8.1 , 64 bit Build 9600 

CPU:total 8 (4 cores per cpu, 2 threads per core) family 6 model 60 stepping 3, cmov, cx8, fxsr, mmx, sse, sse2, sse3, ssse3, sse4.1, sse4.2, popcnt, avx, avx2, aes, clmul, erms, lzcnt, ht, tsc, tscinvbit, bmi1, bmi2

Memory: 4k page, physical 16687384k(2179036k free), swap 19833112k(5240k free)

vm_info: Java HotSpot(TM) 64-Bit Server VM (25.31-b07) for windows-amd64 JRE (1.8.0_31-b13), built on Dec 17 2014 21:00:28 by "java_re" with MS VC++ 10.0 (VS2010)

time: Thu Jun 25 13:12:20 2015
elapsed time: 2 seconds (0d 0h 0m 2s)

